make all --print-data-base --no-builtin-variables --no-builtin-rules --question
# GNU Make 4.3
# Built for x86_64-pc-linux-gnu
# Copyright (C) 1988-2020 Free Software Foundation, Inc.
# License GPLv3+: GNU GPL version 3 or later <http://gnu.org/licenses/gpl.html>
# This is free software: you are free to change and redistribute it.
# There is NO WARRANTY, to the extent permitted by law.

# Make data base, printed on Fri Jul  8 10:11:42 2022

# Variables

# environment
REMOTE_CONTAINERS_SOCKETS = ["/tmp/vscode-ssh-auth-8b7cc62bd3ba77cc27adbc5bd83e723eda278512.sock","/home/vscode/.gnupg/S.gpg-agent"]
# environment
GO111MODULE = auto
# environment
LC_ALL = C
# environment
VSCODE_CWD = /vscode/vscode-server/bin/linux-x64/92d25e35d9bf1a6b16f7d0758f25d48ace11e5b9
# environment
NVM_DIR = /usr/local/share/nvm
# default
MAKE_COMMAND := make
# environment
VSCODE_HANDLES_SIGPIPE = true
# environment
GOPATH = /go
# automatic
@D = $(patsubst %/,%,$(dir $@))
# environment
VSCODE_HANDLES_UNCAUGHT_ERRORS = true
# default
.VARIABLES := 
# environment
PWD = /workspaces/vmware-node-deployer
# automatic
%D = $(patsubst %/,%,$(dir $%))
# environment
HOSTNAME = 720819b10661
# automatic
^D = $(patsubst %/,%,$(dir $^))
# automatic
%F = $(notdir $%)
# environment
LANG = C
# environment
NVM_SYMLINK_CURRENT = true
# default
.LOADED := 
# default
.INCLUDE_DIRS = /usr/local/include /usr/include /usr/include
# environment
PROMPT_DIRTRIM = 4
# makefile
MAKEFLAGS = pqrR
# environment
GOLANG_VERSION = 1.18
# makefile
CURDIR := /workspaces/vmware-node-deployer
# environment
APPLICATION_INSIGHTS_NO_DIAGNOSTIC_CHANNEL = true
# automatic
*D = $(patsubst %/,%,$(dir $*))
# environment
MFLAGS = -pqrR
# environment
SSH_AUTH_SOCK = /tmp/vscode-ssh-auth-8b7cc62bd3ba77cc27adbc5bd83e723eda278512.sock
# default
.SHELLFLAGS := -c
# automatic
+D = $(patsubst %/,%,$(dir $+))
# makefile (from 'Makefile', line 1)
MAKEFILE_LIST := Makefile
# automatic
@F = $(notdir $@)
# automatic
?D = $(patsubst %/,%,$(dir $?))
# automatic
*F = $(notdir $*)
# automatic
<D = $(patsubst %/,%,$(dir $<))
# environment
VSCODE_NLS_CONFIG = {"locale":"en","availableLanguages":{}}
# default
MAKE_HOST := x86_64-pc-linux-gnu
# makefile
SHELL = /bin/sh
# default
MAKECMDGOALS := all
# environment
SHLVL = 1
# environment
MAKELEVEL := 0
# default
MAKE = $(MAKE_COMMAND)
# environment
PATH = /vscode/vscode-server/bin/linux-x64/92d25e35d9bf1a6b16f7d0758f25d48ace11e5b9/bin/remote-cli:/usr/local/share/nvm/current/bin:/go/bin:/usr/local/go/bin:/usr/local/share/nvm/current/bin:/go/bin:/usr/local/go/bin:/usr/local/sbin:/usr/local/bin:/usr/sbin:/usr/bin:/sbin:/bin:/home/vscode/.local/bin
# default
MAKEFILES := 
# automatic
^F = $(notdir $^)
# environment
REMOTE_CONTAINERS_IPC = /tmp/vscode-remote-containers-ipc-8b7cc62bd3ba77cc27adbc5bd83e723eda278512.sock
# environment
REMOTE_CONTAINERS = true
# automatic
?F = $(notdir $?)
# environment
LS_COLORS = 
# automatic
+F = $(notdir $+)
# 'override' directive
GNUMAKEFLAGS := 
# environment
BROWSER = /vscode/vscode-server/bin/linux-x64/92d25e35d9bf1a6b16f7d0758f25d48ace11e5b9/bin/helpers/browser.sh
# makefile
.DEFAULT_GOAL := all
# environment
USER = vscode
# default
MAKE_VERSION := 4.3
# environment
VSCODE_AGENT_FOLDER = /home/vscode/.vscode-server
# environment
_ = /bin/cat
# environment
NVM_RC_VERSION = 
# environment
VSCODE_IPC_HOOK_CLI = /tmp/vscode-ipc-197a7ebc-1862-4377-8bde-4a7f31ed0c4a.sock
# environment
NVM_CD_FLAGS = 
# environment
GOMODCACHE = /go/pkg/mod
# environment
VSCODE_AMD_ENTRYPOINT = vs/workbench/api/node/extensionHostProcess
# environment
HOME = /home/vscode
# environment
ELECTRON_RUN_AS_NODE = 1
# environment
GOPROXY = https://proxy.golang.org,direct
# default
.RECIPEPREFIX := 
# automatic
<F = $(notdir $<)
# default
SUFFIXES := 
# default
.FEATURES := target-specific order-only second-expansion else-if shortest-stem undefine oneshell nocomment grouped-target extra-prereqs archives jobserver output-sync check-symlink load
# variable set hash-table stats:
# Load=69/1024=7%, Rehash=0, Collisions=1/102=1%

# Pattern-specific Variable Values

# No pattern-specific variable values.

# Directories

# . (device 2049, inode 25167717): 20 files, no impossibilities.

# 20 files, no impossibilities in 1 directories.

# Implicit Rules

# No implicit rules.

# Files

test-switcher: build-switcher
#  Phony target (prerequisite of .PHONY).
#  Implicit rule search has not been done.
#  File does not exist.
#  File has not been updated.
#  recipe to execute (from 'Makefile', line 56):
	go test -v ./switcher

test-templater: build-templater
#  Implicit rule search has not been done.
#  Modification time never checked.
#  File has not been updated.
#  recipe to execute (from 'Makefile', line 59):
	go test -v ./templater

# Not a target:
Makefile:
#  Implicit rule search has been done.
#  Last modified 2022-07-07 14:49:47.423356406
#  File has been updated.
#  Successfully updated.

build-machiner: compile-protobuf
#  Phony target (prerequisite of .PHONY).
#  Implicit rule search has not been done.
#  File does not exist.
#  File has not been updated.
#  recipe to execute (from 'Makefile', line 41):
	go build -o bin/ranger-vmware-machiner ./machiner

run-machiner: build-machiner
#  Phony target (prerequisite of .PHONY).
#  Implicit rule search has not been done.
#  File does not exist.
#  File has not been updated.
#  recipe to execute (from 'Makefile', line 65):
	bin/ranger-vmware-machiner machiner-config.yml

uninstall:
#  Implicit rule search has not been done.
#  Modification time never checked.
#  File has not been updated.
#  recipe to execute (from 'Makefile', line 76):
	-rm -f $(DESTDIR)/var/opt/ranger/bin/ranger-vmware-machiner
	-rm -f $(DESTDIR)/var/opt/ranger/bin/ranger-vmware-switcher
	-rm -f $(DESTDIR)/etc/opt/ranger/ranger-vmware-machiner/config.yml
	-rm -f $(DESTDIR)/etc/opt/ranger/ranger-vmware-switcher/config.yml
	-rm -f $(DESTDIR)/etc/systemd/system/ranger-vmware-machiner.service
	-rm -f $(DESTDIR)/lib/systemd/system/ranger-vmware-machiner.service
	-rm -f $(DESTDIR)/etc/systemd/system/ranger-vmware-switcher.service
	-rm -f $(DESTDIR)/lib/systemd/system/ranger-vmware-switcher.service

clean:
#  Phony target (prerequisite of .PHONY).
#  Implicit rule search has not been done.
#  File does not exist.
#  File has not been updated.
#  recipe to execute (from 'Makefile', line 6):
	rm -f bin/ranger-vmware-*
	rm -f ../*.deb

build-switcher: compile-protobuf
#  Phony target (prerequisite of .PHONY).
#  Implicit rule search has not been done.
#  File does not exist.
#  File has not been updated.
#  recipe to execute (from 'Makefile', line 44):
	go build -o bin/ranger-vmware-switcher ./switcher

run-templater: build-templater
#  Implicit rule search has not been done.
#  Modification time never checked.
#  File has not been updated.
#  recipe to execute (from 'Makefile', line 71):
	bin/ranger-vmware-templater

test-library:
#  Implicit rule search has not been done.
#  Modification time never checked.
#  File has not been updated.
#  recipe to execute (from 'Makefile', line 62):
	go test -v ./library

# Not a target:
.DEFAULT:
#  Implicit rule search has not been done.
#  Modification time never checked.
#  File has not been updated.

all: build
#  Phony target (prerequisite of .PHONY).
#  Command line target.
#  Implicit rule search has not been done.
#  File does not exist.
#  File has been updated.
#  Needs to be updated (-q is set).
# variable set hash-table stats:
# Load=0/32=0%, Rehash=0, Collisions=0/3=0%

test-and-build: test build
#  Phony target (prerequisite of .PHONY).
#  Implicit rule search has not been done.
#  File does not exist.
#  File has not been updated.

build: compile-protobuf build-machiner build-switcher build-templater
#  Phony target (prerequisite of .PHONY).
#  Implicit rule search has not been done.
#  File does not exist.
#  File has been updated.
#  Needs to be updated (-q is set).
# variable set hash-table stats:
# Load=0/32=0%, Rehash=0, Collisions=0/3=0%

compile-protobuf:
#  Phony target (prerequisite of .PHONY).
 
#  Implicit rule search has not been done.
#  Implicit/static pattern stem: ''
#  File does not exist.
#  File has been updated.
#  Needs to be updated (-q is set).
# automatic
# @ := compile-protobuf
# automatic
# * := 
# automatic
# < := 
# automatic
# + := 
# automatic
# % := 
# automatic
# ^ := 
# automatic
# ? := 
# automatic
# | := 
# variable set hash-table stats:
# Load=8/32=25%, Rehash=0, Collisions=1/11=9%
#  recipe to execute (from 'Makefile', line 25):
	protoc --go_out=grpc --go-grpc_out=grpc \
	--go_opt=Msrc/common.proto=github.com/open-cyber-range/vmware-handler/grpc/common \
	--go_opt=Msrc/template.proto=github.com/open-cyber-range/vmware-handler/grpc/template \
	--go_opt=Msrc/node.proto=github.com/open-cyber-range/vmware-handler/grpc/node \
	--go_opt=Msrc/capability.proto=github.com/open-cyber-range/vmware-handler/grpc/capability \
	--go-grpc_opt=Msrc/common.proto=github.com/open-cyber-range/vmware-handler/grpc/common \
	--go-grpc_opt=Msrc/template.proto=github.com/open-cyber-range/vmware-handler/grpc/template \
	--go-grpc_opt=Msrc/node.proto=github.com/open-cyber-range/vmware-handler/grpc/node  \
	--go-grpc_opt=Msrc/capability.proto=github.com/open-cyber-range/vmware-handler/grpc/capability  \
	--go_opt=module=github.com/open-cyber-range/vmware-handler/grpc \
	--go-grpc_opt=module=github.com/open-cyber-range/vmware-handler/grpc \
	--proto_path=grpc/proto src/node.proto src/common.proto src/capability.proto

test: build test-machiner test-switcher test-templater
#  Phony target (prerequisite of .PHONY).
#  Implicit rule search has not been done.
#  File does not exist.
#  File has not been updated.

test-machiner:
#  Phony target (prerequisite of .PHONY).
#  Implicit rule search has not been done.
#  File does not exist.
#  File has not been updated.
#  recipe to execute (from 'Makefile', line 53):
	go test -v ./machiner

run-switcher: build-switcher
#  Phony target (prerequisite of .PHONY).
#  Implicit rule search has not been done.
#  File does not exist.
#  File has not been updated.
#  recipe to execute (from 'Makefile', line 68):
	bin/ranger-vmware-switcher switcher-config.yml

install:
#  Phony target (prerequisite of .PHONY).
#  Implicit rule search has not been done.
#  File does not exist.
#  File has not been updated.
#  recipe to execute (from 'Makefile', line 10):
	mkdir -p ${DESTDIR}/var/opt/ranger/bin
	mkdir -p ${DESTDIR}/etc/opt/ranger/ranger-vmware-machiner
	mkdir -p ${DESTDIR}/etc/opt/ranger/ranger-vmware-switcher
	mkdir -p ${DESTDIR}/lib/systemd/system/
	mkdir -p ${DESTDIR}/etc/systemd/system/
	cp bin/ranger-vmware-machiner $(DESTDIR)/var/opt/ranger/bin/
	cp bin/ranger-vmware-switcher $(DESTDIR)/var/opt/ranger/bin/
	cp extra/machiner-example-config.yml $(DESTDIR)/etc/opt/ranger/ranger-vmware-machiner/config.yml
	cp extra/switcher-example-config.yml $(DESTDIR)/etc/opt/ranger/ranger-vmware-switcher/config.yml
	cp extra/ranger-vmware-machiner.service $(DESTDIR)/lib/systemd/system/
	cp extra/ranger-vmware-switcher.service $(DESTDIR)/lib/systemd/system/
	ln -sf $(DESTDIR)/lib/systemd/system/ranger-vmware-machiner.service $(DESTDIR)/etc/systemd/system/ranger-vmware-machiner.service
	ln -sf $(DESTDIR)/lib/systemd/system/ranger-vmware-switcher.service $(DESTDIR)/etc/systemd/system/ranger-vmware-switcher.service

build-templater: compile-protobuf
#  Implicit rule search has not been done.
#  Modification time never checked.
#  File has not been updated.
#  recipe to execute (from 'Makefile', line 47):
	go build -o bin/ranger-vmware-templater ./templater

build-deb: clean build
#  Phony target (prerequisite of .PHONY).
#  Implicit rule search has not been done.
#  File does not exist.
#  File has not been updated.
#  recipe to execute (from 'Makefile', line 86):
	env DH_VERBOSE=1 dpkg-buildpackage -b --no-sign

# Not a target:
.SUFFIXES:
#  Implicit rule search has not been done.
#  Modification time never checked.
#  File has not been updated.

.PHONY: all clean install compile-protobuf build build-machiner build-switcher test test-machiner test-switcher run-machiner run-switcher test-and-build build-deb
#  Implicit rule search has not been done.
#  Modification time never checked.
#  File has not been updated.

# files hash-table stats:
# Load=23/1024=2%, Rehash=0, Collisions=0/85=0%
# VPATH Search Paths

# No 'vpath' search paths.

# No general ('VPATH' variable) search path.

# strcache buffers: 1 (0) / strings = 44 / storage = 442 B / avg = 10 B
# current buf: size = 8162 B / used = 442 B / count = 44 / avg = 10 B

# strcache performance: lookups = 105 / hit rate = 58%
# hash-table stats:
# Load=44/8192=1%, Rehash=0, Collisions=0/105=0%
# Finished Make data base on Fri Jul  8 10:11:42 2022

 
